<?xml version="1.0" encoding="UTF-8"?>
<testsuite xmlns:xsi="http://www.w3.org/2001/XMLSchema-instance" xsi:noNamespaceSchemaLocation="https://maven.apache.org/surefire/maven-surefire-plugin/xsd/surefire-test-report-3.0.xsd" version="3.0" name="com.app.projetoGP.ProjetoGpApplicationTests" time="6.603" tests="1" errors="0" skipped="0" failures="0">
  <properties>
[...]
</properties>
  <testcase name="contextLoads" classname="com.app.projetoGP.ProjetoGpApplicationTests" time="0.64">
    <system-out><![CDATA[19:35:33.440 [main] INFO org.springframework.test.context.support.AnnotationConfigContextLoaderUtils -- Could not detect default configuration classes for test class [com.app.projetoGP.ProjetoGpApplicationTests]: ProjetoGpApplicationTests does not declare any static, non-private, non-final, nested classes annotated with @Configuration.
19:35:33.593 [main] INFO org.springframework.boot.test.context.SpringBootTestContextBootstrapper -- Found @SpringBootConfiguration com.app.projetoGP.ProjetoGpApplication for test class com.app.projetoGP.ProjetoGpApplicationTests

  .   ____          _            __ _ _
 /\\ / ___'_ __ _ _(_)_ __  __ _ \ \ \ \
( ( )\___ | '_ | '_| | '_ \/ _` | \ \ \ \
 \\/  ___)| |_)| | | | | || (_| |  ) ) ) )
  '  |____| .__|_| |_|_| |_\__, | / / / /
 =========|_|==============|___/=/_/_/_/

 :: Spring Boot ::                (v3.3.4)

2024-10-16T19:35:34.232-03:00  INFO 59552 --- [projetoGP] [           main] c.a.projetoGP.ProjetoGpApplicationTests  : Starting ProjetoGpApplicationTests using Java 23.0.1 with PID 59552 (started by filippelins in /media/filippelins/dados/Faculdade/materias/6periodo/GP/testeestoque/projetoGP)
2024-10-16T19:35:34.256-03:00  INFO 59552 --- [projetoGP] [           main] c.a.projetoGP.ProjetoGpApplicationTests  : No active profile set, falling back to 1 default profile: "default"
2024-10-16T19:35:35.134-03:00  INFO 59552 --- [projetoGP] [           main] .s.d.r.c.RepositoryConfigurationDelegate : Bootstrapping Spring Data JPA repositories in DEFAULT mode.
2024-10-16T19:35:35.159-03:00  INFO 59552 --- [projetoGP] [           main] .s.d.r.c.RepositoryConfigurationDelegate : Finished Spring Data repository scanning in 13 ms. Found 0 JPA repository interfaces.
2024-10-16T19:35:35.680-03:00  INFO 59552 --- [projetoGP] [           main] o.hibernate.jpa.internal.util.LogHelper  : HHH000204: Processing PersistenceUnitInfo [name: default]
2024-10-16T19:35:35.784-03:00  INFO 59552 --- [projetoGP] [           main] org.hibernate.Version                    : HHH000412: Hibernate ORM core version 6.5.3.Final
2024-10-16T19:35:35.839-03:00  INFO 59552 --- [projetoGP] [           main] o.h.c.internal.RegionFactoryInitiator    : HHH000026: Second-level cache disabled
2024-10-16T19:35:36.475-03:00  INFO 59552 --- [projetoGP] [           main] o.s.o.j.p.SpringPersistenceUnitInfo      : No LoadTimeWeaver setup: ignoring JPA class transformer
2024-10-16T19:35:36.516-03:00  INFO 59552 --- [projetoGP] [           main] com.zaxxer.hikari.HikariDataSource       : HikariPool-1 - Starting...
2024-10-16T19:35:37.081-03:00  INFO 59552 --- [projetoGP] [           main] com.zaxxer.hikari.pool.HikariPool        : HikariPool-1 - Added connection com.mysql.cj.jdbc.ConnectionImpl@2d913116
2024-10-16T19:35:37.083-03:00  INFO 59552 --- [projetoGP] [           main] com.zaxxer.hikari.HikariDataSource       : HikariPool-1 - Start completed.
2024-10-16T19:35:37.177-03:00  WARN 59552 --- [projetoGP] [           main] org.hibernate.orm.deprecation            : HHH90000025: MySQLDialect does not need to be specified explicitly using 'hibernate.dialect' (remove the property setting and it will be selected by default)
2024-10-16T19:35:37.920-03:00  INFO 59552 --- [projetoGP] [           main] o.h.m.i.EntityInstantiatorPojoStandard   : HHH000182: No default (no-argument) constructor for class: com.app.projetoGP.model.Product (class must be instantiated by Interceptor)
2024-10-16T19:35:38.092-03:00  INFO 59552 --- [projetoGP] [           main] o.h.e.t.j.p.i.JtaPlatformInitiator       : HHH000489: No JTA platform available (set 'hibernate.transaction.jta.platform' to enable JTA platform integration)
Hibernate: create table product (id bigint not null auto_increment, description varchar(255), name varchar(255), quantity integer not null, primary key (id)) engine=InnoDB
2024-10-16T19:35:38.319-03:00  INFO 59552 --- [projetoGP] [           main] j.LocalContainerEntityManagerFactoryBean : Initialized JPA EntityManagerFactory for persistence unit 'default'
2024-10-16T19:35:38.572-03:00  WARN 59552 --- [projetoGP] [           main] JpaBaseConfiguration$JpaWebConfiguration : spring.jpa.open-in-view is enabled by default. Therefore, database queries may be performed during view rendering. Explicitly configure spring.jpa.open-in-view to disable this warning
2024-10-16T19:35:39.115-03:00  INFO 59552 --- [projetoGP] [           main] c.a.projetoGP.ProjetoGpApplicationTests  : Started ProjetoGpApplicationTests in 5.34 seconds (process running for 6.552)
]]></system-out>
    <system-err><![CDATA[WARNING: A Java agent has been loaded dynamically (/home/filippelins/.m2/repository/net/bytebuddy/byte-buddy-agent/1.14.19/byte-buddy-agent-1.14.19.jar)
WARNING: If a serviceability tool is in use, please run with -XX:+EnableDynamicAgentLoading to hide this warning
WARNING: If a serviceability tool is not in use, please run with -Djdk.instrument.traceUsage for more information
WARNING: Dynamic loading of agents will be disallowed by default in a future release
]]></system-err>
  </testcase>
</testsuite>